<?xml version="1.0" encoding="UTF-8"?>
<!-- Generated by org.testng.reporters.JUnitReportReporter -->
<testsuite hostname="KM-PC" name="RrcmPack.NewTest" tests="2" failures="0" timestamp="10 Jan 2018 11:00:47 GMT" time="19.073" errors="0">
  <testcase name="userLogIn" time="9.617" classname="RrcmPack.NewTest"/>
  <testcase name="verifyPageTitle" time="9.456" classname="RrcmPack.NewTest"/>
</testsuite> <!-- RrcmPack.NewTest -->
