<?xml version="1.0" encoding="UTF-8"?>
<!-- Generated by org.testng.reporters.JUnitReportReporter -->
<testsuite hostname="KM-PC" name="RrcmPack.NewTest" tests="2" failures="0" timestamp="8 Jan 2018 09:01:44 GMT" time="17.940" errors="0">
  <testcase name="secondTest" time="2.857" classname="RrcmPack.NewTest"/>
  <testcase name="f" time="15.083" classname="RrcmPack.NewTest"/>
</testsuite> <!-- RrcmPack.NewTest -->
